2021/08/09 22:30:27 [notice] 1#1: using the "epoll" event method
2021/08/09 22:30:27 [notice] 1#1: nginx/1.21.1
2021/08/09 22:30:27 [notice] 1#1: built by gcc 8.3.0 (Debian 8.3.0-6) 
2021/08/09 22:30:27 [notice] 1#1: OS: Linux 4.19.121-linuxkit
2021/08/09 22:30:27 [notice] 1#1: getrlimit(RLIMIT_NOFILE): 1048576:1048576
2021/08/09 22:30:27 [notice] 1#1: start worker processes
2021/08/09 22:30:27 [notice] 1#1: start worker process 25
2021/08/09 22:30:27 [notice] 1#1: start worker process 26
2021/08/10 05:51:25 [notice] 1#1: signal 15 (SIGTERM) received, exiting
2021/08/10 05:51:25 [notice] 25#25: signal 15 (SIGTERM) received, exiting
2021/08/10 05:51:25 [notice] 26#26: signal 15 (SIGTERM) received, exiting
2021/08/10 05:51:26 [notice] 25#25: exiting
2021/08/10 05:51:26 [notice] 26#26: exiting
2021/08/10 05:51:26 [notice] 1#1: signal 14 (SIGALRM) received
2021/08/10 05:52:50 [notice] 1#1: using the "epoll" event method
2021/08/10 05:52:50 [notice] 1#1: nginx/1.21.1
2021/08/10 05:52:50 [notice] 1#1: built by gcc 8.3.0 (Debian 8.3.0-6) 
2021/08/10 05:52:50 [notice] 1#1: OS: Linux 5.10.25-linuxkit
2021/08/10 05:52:50 [notice] 1#1: getrlimit(RLIMIT_NOFILE): 1048576:1048576
2021/08/10 05:52:50 [notice] 1#1: start worker processes
2021/08/10 05:52:50 [notice] 1#1: start worker process 23
2021/08/10 05:52:50 [notice] 1#1: start worker process 24
2021/08/12 20:19:07 [notice] 1#1: signal 3 (SIGQUIT) received, shutting down
2021/08/12 20:19:07 [notice] 24#24: gracefully shutting down
2021/08/12 20:19:07 [notice] 23#23: gracefully shutting down
2021/08/12 20:19:07 [notice] 24#24: exiting
2021/08/12 20:19:07 [notice] 23#23: exiting
2021/08/12 20:19:07 [notice] 23#23: exit
2021/08/12 20:19:07 [notice] 24#24: exit
2021/08/12 20:19:08 [notice] 1#1: signal 17 (SIGCHLD) received from 24
2021/08/12 20:19:08 [notice] 1#1: worker process 24 exited with code 0
2021/08/12 20:19:08 [notice] 1#1: signal 17 (SIGCHLD) received from 23
2021/08/12 20:19:08 [notice] 1#1: worker process 23 exited with code 0
2021/08/12 20:19:08 [notice] 1#1: exit
2021/08/12 20:23:11 [notice] 1#1: using the "epoll" event method
2021/08/12 20:23:11 [notice] 1#1: nginx/1.21.1
2021/08/12 20:23:11 [notice] 1#1: built by gcc 8.3.0 (Debian 8.3.0-6) 
2021/08/12 20:23:11 [notice] 1#1: OS: Linux 5.10.25-linuxkit
2021/08/12 20:23:11 [notice] 1#1: getrlimit(RLIMIT_NOFILE): 1048576:1048576
2021/08/12 20:23:11 [notice] 1#1: start worker processes
2021/08/12 20:23:11 [notice] 1#1: start worker process 23
2021/08/12 20:23:11 [notice] 1#1: start worker process 24
2021/08/12 20:29:55 [notice] 1#1: signal 3 (SIGQUIT) received, shutting down
2021/08/12 20:29:55 [notice] 24#24: gracefully shutting down
2021/08/12 20:29:55 [notice] 24#24: exiting
2021/08/12 20:29:55 [notice] 23#23: gracefully shutting down
2021/08/12 20:29:55 [notice] 23#23: exiting
2021/08/12 20:29:55 [notice] 24#24: exit
2021/08/12 20:29:55 [notice] 23#23: exit
2021/08/12 20:29:55 [notice] 1#1: signal 17 (SIGCHLD) received from 24
2021/08/12 20:29:55 [notice] 1#1: worker process 24 exited with code 0
2021/08/12 20:29:55 [notice] 1#1: signal 17 (SIGCHLD) received from 23
2021/08/12 20:29:55 [notice] 1#1: worker process 23 exited with code 0
2021/08/12 20:29:55 [notice] 1#1: exit
